
  You can now view your Streamlit app in your browser.

  Network URL: http://10.0.0.208:8501
  External URL: http://73.17.190.93:8501

  For better performance, install the Watchdog module:

  $ xcode-select --install
  $ pip install watchdog
            
  Stopping...

  You can now view your Streamlit app in your browser.

  Network URL: http://10.0.0.208:8501
  External URL: http://73.17.190.93:8501

  For better performance, install the Watchdog module:

  $ xcode-select --install
  $ pip install watchdog
            
Error searching Apollo.io: 403 Client Error: Forbidden for url: https://api.apollo.io/v1/mixed_people/search
Response: {"error":"api/v1/mixed_people/search is not accessible with this api_key","error_code":"API_INACCESSIBLE"}
Error searching Apollo.io: 403 Client Error: Forbidden for url: https://api.apollo.io/v1/mixed_people/search
Response: {"error":"api/v1/mixed_people/search is not accessible with this api_key","error_code":"API_INACCESSIBLE"}
Error searching Apollo.io: 403 Client Error: Forbidden for url: https://api.apollo.io/v1/mixed_people/search
Response: {"error":"api/v1/mixed_people/search is not accessible with this api_key","error_code":"API_INACCESSIBLE"}
Error searching Apollo.io: 403 Client Error: Forbidden for url: https://api.apollo.io/v1/mixed_people/search
Response: {"error":"api/v1/mixed_people/search is not accessible with this api_key","error_code":"API_INACCESSIBLE"}
Please visit this URL to authorize this application: https://accounts.google.com/o/oauth2/auth?response_type=code&client_id=275942429807-qmsf37k1ovob1t5edli0rogqf1l96qon.apps.googleusercontent.com&redirect_uri=http%3A%2F%2Flocalhost%3A54771%2F&scope=https%3A%2F%2Fwww.googleapis.com%2Fauth%2Fgmail.send&state=ksYtfrnM5dVsp98xeK6ufO8OHASOJr&access_type=offline
Email sent successfully to email_not_unlocked@domain.com. Message ID: 199b5db60d08ca9a
  Stopping...

  You can now view your Streamlit app in your browser.

  Network URL: http://10.0.0.208:8501
  External URL: http://73.17.190.93:8501

  For better performance, install the Watchdog module:

  $ xcode-select --install
  $ pip install watchdog
            
Error revealing email: 404 Client Error: Not Found for url: https://api.apollo.io/v1/people/5adacb08a6da98629fdf2265/reveal
Error revealing email: 404 Client Error: Not Found for url: https://api.apollo.io/v1/people/65382e6ed0663500019bc1a4/reveal
Error revealing email: 404 Client Error: Not Found for url: https://api.apollo.io/v1/people/5adacb08a6da98629fdf2265/reveal
Error revealing email: 404 Client Error: Not Found for url: https://api.apollo.io/v1/people/65382e6ed0663500019bc1a4/reveal
Error revealing email: 404 Client Error: Not Found for url: https://api.apollo.io/v1/people/63b2f7417fc51a00016827fd/reveal
Error revealing email: 404 Client Error: Not Found for url: https://api.apollo.io/v1/people/57d73315a6da9864c0326f29/reveal
Error revealing email: 404 Client Error: Not Found for url: https://api.apollo.io/v1/people/66f5787dacbb3e000161426f/reveal
Error revealing email: 404 Client Error: Not Found for url: https://api.apollo.io/v1/people/5adacb08a6da98629fdf2265/reveal
Error revealing email: 404 Client Error: Not Found for url: https://api.apollo.io/v1/people/65382e6ed0663500019bc1a4/reveal
Error revealing email: 404 Client Error: Not Found for url: https://api.apollo.io/v1/people/63b2f7417fc51a00016827fd/reveal
Error revealing email: 404 Client Error: Not Found for url: https://api.apollo.io/v1/people/57d73315a6da9864c0326f29/reveal
Error revealing email: 404 Client Error: Not Found for url: https://api.apollo.io/v1/people/66f5787dacbb3e000161426f/reveal
  Stopping...

  You can now view your Streamlit app in your browser.

  Network URL: http://10.0.0.208:8501
  External URL: http://73.17.190.93:8501

  For better performance, install the Watchdog module:

  $ xcode-select --install
  $ pip install watchdog
            
  Stopping...

  You can now view your Streamlit app in your browser.

  Network URL: http://10.0.0.208:8501
  External URL: http://73.17.190.93:8501

  For better performance, install the Watchdog module:

  $ xcode-select --install
  $ pip install watchdog
            
Successfully revealed email: rahul.george@hpe.com
Email reveal failed or no credits remaining for person 57d6788ba6da98545128511b
Successfully revealed email: rajush.shakya@hpe.com
Email sent successfully to rahul.george@hpe.com. Message ID: 199b5f79677362ff
  Stopping...

  You can now view your Streamlit app in your browser.

  Network URL: http://10.0.0.208:8501
  External URL: http://73.17.190.93:8501

  For better performance, install the Watchdog module:

  $ xcode-select --install
  $ pip install watchdog
            
Successfully revealed email: rahul.george@hpe.com
Email reveal failed or no credits remaining for person 57d6788ba6da98545128511b
Successfully revealed email: vivian.summers@hpe.com
Email sent successfully to rahul.george@hpe.com. Message ID: 199b5fc7047a17b8
Email sent successfully to vivian.summers@hpe.com. Message ID: 199b5fc72c4b5e04
  Stopping...

  You can now view your Streamlit app in your browser.

  Network URL: http://10.0.0.208:8501
  External URL: http://73.17.190.93:8501

  For better performance, install the Watchdog module:

  $ xcode-select --install
  $ pip install watchdog
            
Successfully revealed email: rahul.george@hpe.com
Email reveal failed or no credits remaining for person 57d6788ba6da98545128511b
Successfully revealed email: bhavin.shah@hpe.com
Successfully revealed email: roi.romy@hpe.com
Successfully revealed email: dmitry.z@hpe.com
Successfully revealed email: vivian.summers@hpe.com
Email sent successfully to rahul.george@hpe.com. Message ID: 199b606039f2d784
Email sent successfully to bhavin.shah@hpe.com. Message ID: 199b606028163cae
Email sent successfully to roi.romy@hpe.com. Message ID: 199b60605663fa6d
Email sent successfully to dmitry.z@hpe.com. Message ID: 199b60607029cb3f
Email sent successfully to vivian.summers@hpe.com. Message ID: 199b60608613237c
Starting follow-up scheduler (checking every 60 minutes)
Follow-up scheduler started in background
No follow-ups needed at this time
Scheduler stopped
Scheduler stopped
  Stopping...

  You can now view your Streamlit app in your browser.

  Network URL: http://10.0.0.208:8501
  External URL: http://73.17.190.93:8501

  For better performance, install the Watchdog module:

  $ xcode-select --install
  $ pip install watchdog
            

  A new version of Streamlit is available.

  See what's new at https://discuss.streamlit.io/c/announcements

  Enter the following command to upgrade:
  $ pip install streamlit --upgrade

  Stopping...

  You can now view your Streamlit app in your browser.

  Network URL: http://10.0.0.208:8501
  External URL: http://73.17.190.93:8501

  For better performance, install the Watchdog module:

  $ xcode-select --install
  $ pip install watchdog
            
Successfully revealed email: uday.kumar@blackrock.com
Successfully revealed email: prashanth.suresh@blackrock.com
Successfully revealed email: varunraj.bhat@blackrock.com
Successfully revealed email: nikola.joncic@blackrock.com
Successfully revealed email: zhang.zhaoxi@blackrock.com
Successfully revealed email: priyabandhavi.allu@blackrock.com
Email sent successfully to uday.kumar@blackrock.com. Message ID: 199b61d2661911a1
Email sent successfully to prashanth.suresh@blackrock.com. Message ID: 199b61d2884e5435
Email sent successfully to varunraj.bhat@blackrock.com. Message ID: 199b61d2a63cfac7
Email sent successfully to nikola.joncic@blackrock.com. Message ID: 199b61d2a6004265
Email sent successfully to zhang.zhaoxi@blackrock.com. Message ID: 199b61d2c4eacf24
Email sent successfully to priyabandhavi.allu@blackrock.com. Message ID: 199b61d2e7f1f248
Email reveal failed or no credits remaining for person 6372d9e51119f600019b52ef
Email reveal failed or no credits remaining for person 6633679e635f470007afdab4
Successfully revealed email: kross@aegpresents.com
Email reveal failed or no credits remaining for person 673833590ce6d800018d95e6
Successfully revealed email: asier.deherediaochoadeeguileor@aegps.com
Email reveal failed or no credits remaining for person 5fdb8b25e78a83000107bb8d
Successfully revealed email: mwillems@aegworldwide.com
Email reveal failed or no credits remaining for person 600d69ba501c2c00011af0e0
Email sent successfully to kross@aegpresents.com. Message ID: 199b61f90caa7155
Email sent successfully to asier.deherediaochoadeeguileor@aegps.com. Message ID: 199b61f92bd02584
Email sent successfully to mwillems@aegworldwide.com. Message ID: 199b61f94c441855
Successfully revealed email: isanders@drw.com
Successfully revealed email: ahadley@drw.com
Successfully revealed email: sray@drw.com
Successfully revealed email: mkrenzer@drw.com
Successfully revealed email: cbusbey@drw.com
Successfully revealed email: zchi@drw.com
Successfully revealed email: coconnor@drwuk.com
Successfully revealed email: mgenualdi@drw.com
Email sent successfully to isanders@drw.com. Message ID: 199b62123eb3c6ec
Email sent successfully to ahadley@drw.com. Message ID: 199b62122f6a8fa5
Email sent successfully to sray@drw.com. Message ID: 199b62124d990890
Email sent successfully to mkrenzer@drw.com. Message ID: 199b6212667d45c5
Email sent successfully to cbusbey@drw.com. Message ID: 199b621299aec7cd
Email sent successfully to zchi@drw.com. Message ID: 199b6212ba3bc9fe
Email sent successfully to coconnor@drwuk.com. Message ID: 199b6212c3a9a5f8
Email sent successfully to mgenualdi@drw.com. Message ID: 199b6212d87e9b93
  Stopping...

  You can now view your Streamlit app in your browser.

  Network URL: http://10.0.0.208:8501
  External URL: http://73.17.190.93:8501

  For better performance, install the Watchdog module:

  $ xcode-select --install
  $ pip install watchdog
            
  Stopping...
